<?xml version="1.0" encoding="UTF-8" ?>
<testsuite failures="1" time="1.141" errors="1" skipped="0" tests="4" name="com.cloudbees.TestClass4Test">
  <properties>
    <property name="java.runtime.name" value="Java(TM) SE Runtime Environment"/>
    <property name="sun.boot.library.path" value="R:\J\jdk6\jre\bin"/>
    <property name="java.vm.version" value="19.1-b02"/>
    <property name="java.vm.vendor" value="Sun Microsystems Inc."/>
    <property name="java.vendor.url" value="http://java.sun.com/"/>
    <property name="path.separator" value=";"/>
    <property name="java.vm.name" value="Java HotSpot(TM) 64-Bit Server VM"/>
    <property name="file.encoding.pkg" value="sun.io"/>
    <property name="user.country" value="EE"/>
    <property name="sun.java.launcher" value="SUN_STANDARD"/>
    <property name="sun.os.patch.level" value="Service Pack 1"/>
    <property name="java.vm.specification.name" value="Java Virtual Machine Specification"/>
    <property name="user.dir" value="C:\Master\work\CloudBees\runtime-New_configuration\testgit\CBProject"/>
    <property name="java.runtime.version" value="1.6.0_24-b07"/>
    <property name="java.awt.graphicsenv" value="sun.awt.Win32GraphicsEnvironment"/>
    <property name="basedir" value="C:\Master\work\CloudBees\runtime-New_configuration\testgit\CBProject"/>
    <property name="java.endorsed.dirs" value="R:\J\jdk6\jre\lib\endorsed"/>
    <property name="os.arch" value="amd64"/>
    <property name="surefire.real.class.path" value="C:\Master\work\CloudBees\runtime-New_configuration\testgit\CBProject\target\surefire\surefirebooter5622184825003464432.jar"/>
    <property name="java.io.tmpdir" value="C:\Users\antons\"/>
    <property name="line.separator" value="
"/>
    <property name="java.vm.specification.vendor" value="Sun Microsystems Inc."/>
    <property name="user.variant" value=""/>
    <property name="os.name" value="Windows 7"/>
    <property name="sun.jnu.encoding" value="Cp1251"/>
    <property name="java.library.path" value="R:\J\jdk6\jre\bin;.;C:\Windows\Sun\Java\bin;C:\Windows\system32;C:\Windows;C:\Program Files\Common Files\Microsoft Shared\Windows Live;C:\Program Files (x86)\Common Files\Microsoft Shared\Windows Live;C:\Program Files (x86)\NVIDIA Corporation\PhysX\Common;R:\J\jdk6\bin;R:\J\ant\bin;R:\J\maven\bin;C:\cygwin\bin;C:\Master\My Dropbox\Utils;C:\Windows\system32;C:\Windows;C:\Windows\System32\Wbem;C:\Windows\System32\WindowsPowerShell\v1.0;C:\Program Files (x86)\Git\cmd;C:\Program Files\Intel\WiFi\bin;C:\Program Files\Common Files\Intel\WirelessCommon;C:\Program Files\Prio;C:\J\wamp\bin\mysql\mysql5.1.36\bin;C:\Program Files (x86)\Windows Live\Shared;C:\J\SlikSvn\bin;C:\Program Files (x86)\OpenVPN\bin;C:\Master\My Dropbox\Utils\hdparm\bin"/>
    <property name="surefire.test.class.path" value="C:\Master\work\CloudBees\runtime-New_configuration\testgit\CBProject\target\test-classes;C:\Master\work\CloudBees\runtime-New_configuration\testgit\CBProject\target\classes;C:\Users\antons\.m2\repository\junit\junit\4.8.1\junit-4.8.1.jar;C:\Users\antons\.m2\repository\org\jmock\jmock-junit4\2.5.1\jmock-junit4-2.5.1.jar;C:\Users\antons\.m2\repository\org\jmock\jmock\2.5.1\jmock-2.5.1.jar;C:\Users\antons\.m2\repository\org\hamcrest\hamcrest-core\1.1\hamcrest-core-1.1.jar;C:\Users\antons\.m2\repository\org\hamcrest\hamcrest-library\1.1\hamcrest-library-1.1.jar;C:\Users\antons\.m2\repository\junit\junit-dep\4.4\junit-dep-4.4.jar;"/>
    <property name="java.specification.name" value="Java Platform API Specification"/>
    <property name="java.class.version" value="50.0"/>
    <property name="sun.management.compiler" value="HotSpot 64-Bit Server Compiler"/>
    <property name="os.version" value="6.1"/>
    <property name="user.home" value="C:\Users\antons"/>
    <property name="user.timezone" value=""/>
    <property name="java.awt.printerjob" value="sun.awt.windows.WPrinterJob"/>
    <property name="java.specification.version" value="1.6"/>
    <property name="file.encoding" value="Cp1257"/>
    <property name="user.name" value="antons"/>
    <property name="java.class.path" value="C:\Master\work\CloudBees\runtime-New_configuration\testgit\CBProject\target\test-classes;C:\Master\work\CloudBees\runtime-New_configuration\testgit\CBProject\target\classes;C:\Users\antons\.m2\repository\junit\junit\4.8.1\junit-4.8.1.jar;C:\Users\antons\.m2\repository\org\jmock\jmock-junit4\2.5.1\jmock-junit4-2.5.1.jar;C:\Users\antons\.m2\repository\org\jmock\jmock\2.5.1\jmock-2.5.1.jar;C:\Users\antons\.m2\repository\org\hamcrest\hamcrest-core\1.1\hamcrest-core-1.1.jar;C:\Users\antons\.m2\repository\org\hamcrest\hamcrest-library\1.1\hamcrest-library-1.1.jar;C:\Users\antons\.m2\repository\junit\junit-dep\4.4\junit-dep-4.4.jar;"/>
    <property name="java.vm.specification.version" value="1.0"/>
    <property name="sun.arch.data.model" value="64"/>
    <property name="java.home" value="R:\J\jdk6\jre"/>
    <property name="java.specification.vendor" value="Sun Microsystems Inc."/>
    <property name="user.language" value="et"/>
    <property name="awt.toolkit" value="sun.awt.windows.WToolkit"/>
    <property name="java.vm.info" value="mixed mode"/>
    <property name="java.version" value="1.6.0_24"/>
    <property name="java.ext.dirs" value="R:\J\jdk6\jre\lib\ext;C:\Windows\Sun\Java\lib\ext"/>
    <property name="sun.boot.class.path" value="R:\J\jdk6\jre\lib\resources.jar;R:\J\jdk6\jre\lib\rt.jar;R:\J\jdk6\jre\lib\sunrsasign.jar;R:\J\jdk6\jre\lib\jsse.jar;R:\J\jdk6\jre\lib\jce.jar;R:\J\jdk6\jre\lib\charsets.jar;R:\J\jdk6\jre\lib\modules\jdk.boot.jar;R:\J\jdk6\jre\classes"/>
    <property name="java.vendor" value="Sun Microsystems Inc."/>
    <property name="localRepository" value="C:\Users\antons\.m2\repository"/>
    <property name="file.separator" value="\"/>
    <property name="java.vendor.url.bug" value="http://java.sun.com/cgi-bin/bugreport.cgi"/>
    <property name="sun.cpu.endian" value="little"/>
    <property name="sun.io.unicode.encoding" value="UnicodeLittle"/>
    <property name="sun.desktop" value="windows"/>
    <property name="sun.cpu.isalist" value="amd64"/>
  </properties>
  <testcase time="0.149" classname="com.cloudbees.TestClass4Test" name="testGetClass"/>
  <testcase time="0.5" classname="com.cloudbees.TestClass4Test" name="testEquals">
    <failure message="" type="java.lang.AssertionError">java.lang.AssertionError: 
	at org.junit.Assert.fail(Assert.java:91)
	at org.junit.Assert.assertTrue(Assert.java:43)
	at org.junit.Assert.assertTrue(Assert.java:54)
	at com.cloudbees.TestClass4Test.testEquals(TestClass4Test.java:17)
	at sun.reflect.NativeMethodAccessorImpl.invoke0(Native Method)
	at sun.reflect.NativeMethodAccessorImpl.invoke(NativeMethodAccessorImpl.java:39)
	at sun.reflect.DelegatingMethodAccessorImpl.invoke(DelegatingMethodAccessorImpl.java:25)
	at java.lang.reflect.Method.invoke(Method.java:597)
	at org.junit.runners.model.FrameworkMethod$1.runReflectiveCall(FrameworkMethod.java:44)
	at org.junit.internal.runners.model.ReflectiveCallable.run(ReflectiveCallable.java:15)
	at org.junit.runners.model.FrameworkMethod.invokeExplosively(FrameworkMethod.java:41)
	at org.junit.internal.runners.statements.InvokeMethod.evaluate(InvokeMethod.java:20)
	at org.junit.runners.BlockJUnit4ClassRunner.runChild(BlockJUnit4ClassRunner.java:76)
	at org.junit.runners.BlockJUnit4ClassRunner.runChild(BlockJUnit4ClassRunner.java:50)
	at org.junit.runners.ParentRunner$3.run(ParentRunner.java:193)
	at org.junit.runners.ParentRunner$1.schedule(ParentRunner.java:52)
	at org.junit.runners.ParentRunner.runChildren(ParentRunner.java:191)
	at org.junit.runners.ParentRunner.access$000(ParentRunner.java:42)
	at org.junit.runners.ParentRunner$2.evaluate(ParentRunner.java:184)
	at org.junit.runners.ParentRunner.run(ParentRunner.java:236)
	at org.apache.maven.surefire.junit4.JUnit4TestSet.execute(JUnit4TestSet.java:35)
	at org.apache.maven.surefire.junit4.JUnit4Provider.executeTestSet(JUnit4Provider.java:115)
	at org.apache.maven.surefire.junit4.JUnit4Provider.invoke(JUnit4Provider.java:97)
	at sun.reflect.NativeMethodAccessorImpl.invoke0(Native Method)
	at sun.reflect.NativeMethodAccessorImpl.invoke(NativeMethodAccessorImpl.java:39)
	at sun.reflect.DelegatingMethodAccessorImpl.invoke(DelegatingMethodAccessorImpl.java:25)
	at java.lang.reflect.Method.invoke(Method.java:597)
	at org.apache.maven.surefire.booter.ProviderFactory$ClassLoaderProxy.invoke(ProviderFactory.java:103)
	at $Proxy0.invoke(Unknown Source)
	at org.apache.maven.surefire.booter.SurefireStarter.invokeProvider(SurefireStarter.java:150)
	at org.apache.maven.surefire.booter.SurefireStarter.runSuitesInProcess(SurefireStarter.java:91)
	at org.apache.maven.surefire.booter.ForkedBooter.main(ForkedBooter.java:69)
</failure>
    <system-err>privet
</system-err>
  </testcase>
  <testcase time="0.172" classname="com.cloudbees.TestClass4Test" name="testHashCode"/>
  <testcase time="0.247" classname="com.cloudbees.TestClass4Test" name="testToString">
    <error type="java.lang.NullPointerException">java.lang.NullPointerException
	at com.cloudbees.TestClass4.meth(TestClass4.java:14)
	at com.cloudbees.TestClass4.toString(TestClass4.java:18)
	at com.cloudbees.TestClass4Test.testToString(TestClass4Test.java:27)
	at sun.reflect.NativeMethodAccessorImpl.invoke0(Native Method)
	at sun.reflect.NativeMethodAccessorImpl.invoke(NativeMethodAccessorImpl.java:39)
	at sun.reflect.DelegatingMethodAccessorImpl.invoke(DelegatingMethodAccessorImpl.java:25)
	at java.lang.reflect.Method.invoke(Method.java:597)
	at org.junit.runners.model.FrameworkMethod$1.runReflectiveCall(FrameworkMethod.java:44)
	at org.junit.internal.runners.model.ReflectiveCallable.run(ReflectiveCallable.java:15)
	at org.junit.runners.model.FrameworkMethod.invokeExplosively(FrameworkMethod.java:41)
	at org.junit.internal.runners.statements.InvokeMethod.evaluate(InvokeMethod.java:20)
	at org.junit.runners.BlockJUnit4ClassRunner.runChild(BlockJUnit4ClassRunner.java:76)
	at org.junit.runners.BlockJUnit4ClassRunner.runChild(BlockJUnit4ClassRunner.java:50)
	at org.junit.runners.ParentRunner$3.run(ParentRunner.java:193)
	at org.junit.runners.ParentRunner$1.schedule(ParentRunner.java:52)
	at org.junit.runners.ParentRunner.runChildren(ParentRunner.java:191)
	at org.junit.runners.ParentRunner.access$000(ParentRunner.java:42)
	at org.junit.runners.ParentRunner$2.evaluate(ParentRunner.java:184)
	at org.junit.runners.ParentRunner.run(ParentRunner.java:236)
	at org.apache.maven.surefire.junit4.JUnit4TestSet.execute(JUnit4TestSet.java:35)
	at org.apache.maven.surefire.junit4.JUnit4Provider.executeTestSet(JUnit4Provider.java:115)
	at org.apache.maven.surefire.junit4.JUnit4Provider.invoke(JUnit4Provider.java:97)
	at sun.reflect.NativeMethodAccessorImpl.invoke0(Native Method)
	at sun.reflect.NativeMethodAccessorImpl.invoke(NativeMethodAccessorImpl.java:39)
	at sun.reflect.DelegatingMethodAccessorImpl.invoke(DelegatingMethodAccessorImpl.java:25)
	at java.lang.reflect.Method.invoke(Method.java:597)
	at org.apache.maven.surefire.booter.ProviderFactory$ClassLoaderProxy.invoke(ProviderFactory.java:103)
	at $Proxy0.invoke(Unknown Source)
	at org.apache.maven.surefire.booter.SurefireStarter.invokeProvider(SurefireStarter.java:150)
	at org.apache.maven.surefire.booter.SurefireStarter.runSuitesInProcess(SurefireStarter.java:91)
	at org.apache.maven.surefire.booter.ForkedBooter.main(ForkedBooter.java:69)
</error>
    <system-err>privet
</system-err>
  </testcase>
</testsuite>