<testResult>
    <duration>2.236</duration>
    <failCount>2</failCount>
    <passCount>2</passCount>
    <skipCount>0</skipCount>
    <suite>
        <case>
            <age>0</age>
            <className>com.cloudbees.TestClass4Test</className>
            <duration>0.454</duration>
            <failedSince>0</failedSince>
            <name>testGetClass</name>
            <skipped>false</skipped>
            <status>PASSED</status>
        </case>
        <case>
            <age>1</age>
            <className>com.cloudbees.TestClass4Test</className>
            <duration>0.319</duration>
            <errorDetails />
            <errorStackTrace>java.lang.AssertionError: at org.junit.Assert.fail(Assert.java:91) at
                org.junit.Assert.assertTrue(Assert.java:43) at org.junit.Assert.assertTrue(Assert.java:54) at
                com.cloudbees.TestClass4Test.testEquals(TestClass4Test.java:17) at
                sun.reflect.NativeMethodAccessorImpl.invoke0(Native Method) at
                sun.reflect.NativeMethodAccessorImpl.invoke(NativeMethodAccessorImpl.java:39) at
                sun.reflect.DelegatingMethodAccessorImpl.invoke(DelegatingMethodAccessorImpl.java:25) at
                java.lang.reflect.Method.invoke(Method.java:597) at
                org.junit.runners.model.FrameworkMethod$1.runReflectiveCall(FrameworkMethod.java:44) at
                org.junit.internal.runners.model.ReflectiveCallable.run(ReflectiveCallable.java:15) at
                org.junit.runners.model.FrameworkMethod.invokeExplosively(FrameworkMethod.java:41) at
                org.junit.internal.runners.statements.InvokeMethod.evaluate(InvokeMethod.java:20) at
                org.junit.runners.BlockJUnit4ClassRunner.runChild(BlockJUnit4ClassRunner.java:76) at
                org.junit.runners.BlockJUnit4ClassRunner.runChild(BlockJUnit4ClassRunner.java:50) at
                org.junit.runners.ParentRunner$3.run(ParentRunner.java:193) at
                org.junit.runners.ParentRunner$1.schedule(ParentRunner.java:52) at
                org.junit.runners.ParentRunner.runChildren(ParentRunner.java:191) at
                org.junit.runners.ParentRunner.access$000(ParentRunner.java:42) at
                org.junit.runners.ParentRunner$2.evaluate(ParentRunner.java:184) at
                org.junit.runners.ParentRunner.run(ParentRunner.java:236) at
                org.apache.maven.surefire.junit4.JUnit4TestSet.execute(JUnit4TestSet.java:59) at
                org.apache.maven.surefire.suite.AbstractDirectoryTestSuite.executeTestSet(AbstractDirectoryTestSuite.java:115)
                at
                org.apache.maven.surefire.suite.AbstractDirectoryTestSuite.execute(AbstractDirectoryTestSuite.java:102)
                at org.apache.maven.surefire.Surefire.run(Surefire.java:180) at
                sun.reflect.NativeMethodAccessorImpl.invoke0(Native Method) at
                sun.reflect.NativeMethodAccessorImpl.invoke(NativeMethodAccessorImpl.java:39) at
                sun.reflect.DelegatingMethodAccessorImpl.invoke(DelegatingMethodAccessorImpl.java:25) at
                java.lang.reflect.Method.invoke(Method.java:597) at
                org.apache.maven.surefire.booter.SurefireBooter.runSuitesInProcess(SurefireBooter.java:350) at
                org.apache.maven.surefire.booter.SurefireBooter.main(SurefireBooter.java:1021)</errorStackTrace>
            <failedSince>35</failedSince>
            <name>testEquals</name>
            <skipped>false</skipped>
            <status>FAILED</status>
            <stderr>privet</stderr>
        </case>
        <case>
            <age>0</age>
            <className>com.cloudbees.TestClass4Test</className>
            <duration>0.722</duration>
            <failedSince>0</failedSince>
            <name>testHashCode</name>
            <skipped>false</skipped>
            <status>PASSED</status>
        </case>
        <case>
            <age>1</age>
            <className>com.cloudbees.TestClass4Test</className>
            <duration>0.741</duration>
            <errorStackTrace>java.lang.NullPointerException at com.cloudbees.TestClass4.meth(TestClass4.java:14) at
                com.cloudbees.TestClass4.toString(TestClass4.java:18) at
                com.cloudbees.TestClass4Test.testToString(TestClass4Test.java:27) at
                sun.reflect.NativeMethodAccessorImpl.invoke0(Native Method) at
                sun.reflect.NativeMethodAccessorImpl.invoke(NativeMethodAccessorImpl.java:39) at
                sun.reflect.DelegatingMethodAccessorImpl.invoke(DelegatingMethodAccessorImpl.java:25) at
                java.lang.reflect.Method.invoke(Method.java:597) at
                org.junit.runners.model.FrameworkMethod$1.runReflectiveCall(FrameworkMethod.java:44) at
                org.junit.internal.runners.model.ReflectiveCallable.run(ReflectiveCallable.java:15) at
                org.junit.runners.model.FrameworkMethod.invokeExplosively(FrameworkMethod.java:41) at
                org.junit.internal.runners.statements.InvokeMethod.evaluate(InvokeMethod.java:20) at
                org.junit.runners.BlockJUnit4ClassRunner.runChild(BlockJUnit4ClassRunner.java:76) at
                org.junit.runners.BlockJUnit4ClassRunner.runChild(BlockJUnit4ClassRunner.java:50) at
                org.junit.runners.ParentRunner$3.run(ParentRunner.java:193) at
                org.junit.runners.ParentRunner$1.schedule(ParentRunner.java:52) at
                org.junit.runners.ParentRunner.runChildren(ParentRunner.java:191) at
                org.junit.runners.ParentRunner.access$000(ParentRunner.java:42) at
                org.junit.runners.ParentRunner$2.evaluate(ParentRunner.java:184) at
                org.junit.runners.ParentRunner.run(ParentRunner.java:236) at
                org.apache.maven.surefire.junit4.JUnit4TestSet.execute(JUnit4TestSet.java:59) at
                org.apache.maven.surefire.suite.AbstractDirectoryTestSuite.executeTestSet(AbstractDirectoryTestSuite.java:115)
                at
                org.apache.maven.surefire.suite.AbstractDirectoryTestSuite.execute(AbstractDirectoryTestSuite.java:102)
                at org.apache.maven.surefire.Surefire.run(Surefire.java:180) at
                sun.reflect.NativeMethodAccessorImpl.invoke0(Native Method) at
                sun.reflect.NativeMethodAccessorImpl.invoke(NativeMethodAccessorImpl.java:39) at
                sun.reflect.DelegatingMethodAccessorImpl.invoke(DelegatingMethodAccessorImpl.java:25) at
                java.lang.reflect.Method.invoke(Method.java:597) at
                org.apache.maven.surefire.booter.SurefireBooter.runSuitesInProcess(SurefireBooter.java:350) at
                org.apache.maven.surefire.booter.SurefireBooter.main(SurefireBooter.java:1021)</errorStackTrace>
            <failedSince>35</failedSince>
            <name>testToString</name>
            <skipped>false</skipped>
            <status>FAILED</status>
            <stderr>privet</stderr>
        </case>
        <duration>2.236</duration>
        <name>com.cloudbees.TestClass4Test</name>
    </suite>
</testResult>